<?xml version="1.0" encoding="UTF-8"?>
<!-- Generated by org.testng.reporters.JUnitReportReporter -->
<testsuite hostname="Kunal" failures="0" tests="4" name="Org.Testing.TestTrigger.Trigger" time="1.656" errors="0" timestamp="2024-02-20T13:59:20 IST" skipped="0">
  <testcase classname="Org.Testing.TestTrigger.Trigger" name="second" time="1.571"/>
  <testcase classname="Org.Testing.TestTrigger.Trigger" name="first" time="0.035"/>
  <testcase classname="Org.Testing.TestTrigger.Trigger" name="fourth" time="0.030"/>
  <testcase classname="Org.Testing.TestTrigger.Trigger" name="third" time="0.020"/>
</testsuite> <!-- Org.Testing.TestTrigger.Trigger -->
